2012-11-12 20:52:35,142 - ResourceManager : found root/config/definitions/templates/workflow-component-template.xml with loader org.apache.velocity.runtime.resource.ResourceCacheImpl
2012-11-12 20:52:35,146 - ResourceManager : found root/config/definitions/templates/component-template.xml with loader org.apache.velocity.runtime.resource.ResourceCacheImpl
2012-11-12 20:52:35,150 - ResourceManager : found root/config/definitions/templates/flow-logic-template.xml with loader org.apache.velocity.runtime.resource.ResourceCacheImpl
2012-11-12 20:52:35,151 - ResourceManager : found root/config/definitions/templates/error-mapping-template.xml with loader org.apache.velocity.runtime.resource.ResourceCacheImpl
2012-11-12 20:52:35,154 - ResourceManager : found root/config/definitions/templates/workflow-component-template.xml with loader org.apache.velocity.runtime.resource.ResourceCacheImpl
2012-11-12 20:52:35,158 - ResourceManager : found root/config/definitions/templates/component-template.xml with loader org.apache.velocity.runtime.resource.ResourceCacheImpl
2012-11-12 20:52:35,228 - ResourceManager : found root/config/definitions/templates/flow-logic-template.xml with loader org.apache.velocity.runtime.resource.ResourceCacheImpl
2012-11-12 20:52:35,230 - ResourceManager : found root/config/definitions/templates/error-mapping-template.xml with loader org.apache.velocity.runtime.resource.ResourceCacheImpl
2012-11-12 20:52:35,244 - ResourceManager : found root/config/definitions/templates/workflow-component-template.xml with loader org.apache.velocity.runtime.resource.ResourceCacheImpl
2012-11-12 20:52:35,252 - ResourceManager : found root/config/definitions/templates/component-template.xml with loader org.apache.velocity.runtime.resource.ResourceCacheImpl
2012-11-12 20:52:35,256 - ResourceManager : found root/config/definitions/templates/flow-logic-template.xml with loader org.apache.velocity.runtime.resource.ResourceCacheImpl
2012-11-12 20:52:35,258 - ResourceManager : found root/config/definitions/templates/error-mapping-template.xml with loader org.apache.velocity.runtime.resource.ResourceCacheImpl
2012-11-12 20:52:35,273 - ResourceManager : found root/config/definitions/templates/workflow-component-template.xml with loader org.apache.velocity.runtime.resource.ResourceCacheImpl
2012-11-12 20:52:35,277 - ResourceManager : found root/config/definitions/templates/component-template.xml with loader org.apache.velocity.runtime.resource.ResourceCacheImpl
2012-11-12 20:52:35,281 - ResourceManager : found root/config/definitions/templates/flow-logic-template.xml with loader org.apache.velocity.runtime.resource.ResourceCacheImpl
2012-11-12 20:52:35,293 - ResourceManager : found root/config/definitions/templates/error-mapping-template.xml with loader org.apache.velocity.runtime.resource.ResourceCacheImpl
2012-11-12 20:52:35,302 - ResourceManager : found root/config/definitions/templates/workflow-component-template.xml with loader org.apache.velocity.runtime.resource.ResourceCacheImpl
2012-11-12 20:52:35,306 - ResourceManager : found root/config/definitions/templates/component-template.xml with loader org.apache.velocity.runtime.resource.ResourceCacheImpl
2012-11-12 20:52:35,321 - ResourceManager : found root/config/definitions/templates/flow-logic-template.xml with loader org.apache.velocity.runtime.resource.ResourceCacheImpl
2012-11-12 20:52:35,322 - ResourceManager : found root/config/definitions/templates/error-mapping-template.xml with loader org.apache.velocity.runtime.resource.ResourceCacheImpl
2012-11-12 20:52:35,326 - ResourceManager : found root/config/definitions/templates/workflow-component-template.xml with loader org.apache.velocity.runtime.resource.ResourceCacheImpl
2012-11-12 20:52:35,340 - ResourceManager : found root/config/definitions/templates/component-template.xml with loader org.apache.velocity.runtime.resource.ResourceCacheImpl
2012-11-12 20:52:35,356 - ResourceManager : found root/config/definitions/templates/flow-logic-template.xml with loader org.apache.velocity.runtime.resource.ResourceCacheImpl
2012-11-12 20:52:35,358 - ResourceManager : found root/config/definitions/templates/exit-point-mapping-template.xml with loader org.apache.velocity.runtime.resource.ResourceCacheImpl
2012-11-12 20:52:35,359 - ResourceManager : found root/config/definitions/templates/exit-point-mapping-template.xml with loader org.apache.velocity.runtime.resource.ResourceCacheImpl
2012-11-12 20:52:35,360 - ResourceManager : found root/config/definitions/templates/exit-point-mapping-template.xml with loader org.apache.velocity.runtime.resource.ResourceCacheImpl
2012-11-12 20:52:35,369 - ResourceManager : found root/config/definitions/templates/error-mapping-template.xml with loader org.apache.velocity.runtime.resource.ResourceCacheImpl
